[0317/174106.223:INFO:CONSOLE:100] "<link rel=preload> must have a valid `as` value", source: https://www.linkedin.com/uas/login?session_redirect=https%3A%2F%2Fwww.linkedin.com%2Ffeed%2F (100)
[0317/174106.223:INFO:CONSOLE:101] "<link rel=preload> must have a valid `as` value", source: https://www.linkedin.com/uas/login?session_redirect=https%3A%2F%2Fwww.linkedin.com%2Ffeed%2F (101)
[0317/174106.223:INFO:CONSOLE:102] "<link rel=preload> must have a valid `as` value", source: https://www.linkedin.com/uas/login?session_redirect=https%3A%2F%2Fwww.linkedin.com%2Ffeed%2F (102)
[0317/174106.223:INFO:CONSOLE:103] "<link rel=preload> must have a valid `as` value", source: https://www.linkedin.com/uas/login?session_redirect=https%3A%2F%2Fwww.linkedin.com%2Ffeed%2F (103)
[0317/174106.223:INFO:CONSOLE:106] "<link rel=preload> must have a valid `as` value", source: https://www.linkedin.com/uas/login?session_redirect=https%3A%2F%2Fwww.linkedin.com%2Ffeed%2F (106)
[0317/174106.224:INFO:CONSOLE:107] "<link rel=preload> must have a valid `as` value", source: https://www.linkedin.com/uas/login?session_redirect=https%3A%2F%2Fwww.linkedin.com%2Ffeed%2F (107)
[0317/174106.706:ERROR:content\public\browser\web_contents_delegate.cc:300] WebContentsDelegate::CheckMediaAccessPermission: Not supported.
[0317/174106.706:ERROR:content\public\browser\web_contents_delegate.cc:300] WebContentsDelegate::CheckMediaAccessPermission: Not supported.
[0317/174107.115:ERROR:content\public\browser\web_contents_delegate.cc:300] WebContentsDelegate::CheckMediaAccessPermission: Not supported.
[0317/174107.115:ERROR:content\public\browser\web_contents_delegate.cc:300] WebContentsDelegate::CheckMediaAccessPermission: Not supported.
[0317/174107.193:ERROR:content\public\browser\web_contents_delegate.cc:300] WebContentsDelegate::CheckMediaAccessPermission: Not supported.
[0317/174107.193:ERROR:content\public\browser\web_contents_delegate.cc:300] WebContentsDelegate::CheckMediaAccessPermission: Not supported.
[0317/174107.272:ERROR:content\public\browser\web_contents_delegate.cc:300] WebContentsDelegate::CheckMediaAccessPermission: Not supported.
[0317/174107.273:ERROR:content\public\browser\web_contents_delegate.cc:300] WebContentsDelegate::CheckMediaAccessPermission: Not supported.
[0317/174107.351:ERROR:content\public\browser\web_contents_delegate.cc:300] WebContentsDelegate::CheckMediaAccessPermission: Not supported.
[0317/174107.351:ERROR:content\public\browser\web_contents_delegate.cc:300] WebContentsDelegate::CheckMediaAccessPermission: Not supported.
[0317/174107.515:INFO:CONSOLE:0] "[GroupMarkerNotSet(crbug.com/242999)!:A0703100E42E0000]Automatic fallback to software WebGL has been deprecated. Please use the --enable-unsafe-swiftshader (about:flags#enable-unsafe-swiftshader) flag to opt in to lower security guarantees for trusted content.", source: https://www.linkedin.com/uas/login?session_redirect=https%3A%2F%2Fwww.linkedin.com%2Ffeed%2F (0)
[0317/174107.515:INFO:CONSOLE:0] "[GroupMarkerNotSet(crbug.com/242999)!:A0A03100E42E0000]Automatic fallback to software WebGL has been deprecated. Please use the --enable-unsafe-swiftshader (about:flags#enable-unsafe-swiftshader) flag to opt in to lower security guarantees for trusted content.", source: https://www.linkedin.com/uas/login?session_redirect=https%3A%2F%2Fwww.linkedin.com%2Ffeed%2F (0)
[0317/174107.515:INFO:CONSOLE:0] "[GroupMarkerNotSet(crbug.com/242999)!:A0D03100E42E0000]Automatic fallback to software WebGL has been deprecated. Please use the --enable-unsafe-swiftshader (about:flags#enable-unsafe-swiftshader) flag to opt in to lower security guarantees for trusted content.", source: https://www.linkedin.com/uas/login?session_redirect=https%3A%2F%2Fwww.linkedin.com%2Ffeed%2F (0)
[0317/174107.618:INFO:CONSOLE:169] "[GSI_LOGGER]: Your client application may not display the Google One Tap in its default position. When FedCM becomes mandatory, One Tap only displays in the default position. Refer to the migration guide to update your code accordingly and opt-in to FedCM to test your changes. Learn more: https://developers.google.com/identity/gsi/web/guides/fedcm-migration?s=dc#layout", source: https://static.licdn.com/sc/h/aofke6z5sqc44bjlvj6yr05c8 (169)
[0317/174107.619:INFO:CONSOLE:169] "[GSI_LOGGER]: Your client application uses one of the Google One Tap prompt UI status methods that may stop functioning when FedCM becomes mandatory. Refer to the migration guide to update your code accordingly and opt-in to FedCM to test your changes. Learn more: https://developers.google.com/identity/gsi/web/guides/fedcm-migration?s=dc#display_moment and https://developers.google.com/identity/gsi/web/guides/fedcm-migration?s=dc#skipped_moment", source: https://static.licdn.com/sc/h/aofke6z5sqc44bjlvj6yr05c8 (169)
[0317/174107.620:INFO:CONSOLE:169] "[GSI_LOGGER]: Currently, you disable FedCM on Google One Tap. FedCM for One Tap will become mandatory starting Oct 2024, and you won’t be able to disable it. Refer to the migration guide to update your code accordingly to ensure users will not be blocked from logging in. Learn more: https://developers.google.com/identity/gsi/web/guides/fedcm-migration", source: https://static.licdn.com/sc/h/aofke6z5sqc44bjlvj6yr05c8 (169)
[0317/174107.776:INFO:CONSOLE:2] "%c ", source: https://client.protechts.net/PXdOjV695v/main.min.js (2)
[0317/174107.964:INFO:CONSOLE:8] "TMS load event sent successfully: ", source: https://static.licdn.com/sc/h/cyu2si00e7hmrsgmy7p1aw87j (8)
[0317/174108.019:INFO:CONSOLE:8] "External tag load event sent successfully: ", source: https://static.licdn.com/sc/h/cyu2si00e7hmrsgmy7p1aw87j (8)
[0317/174108.050:INFO:CONSOLE:0] "[GroupMarkerNotSet(crbug.com/242999)!:A0602A00E42E0000]Automatic fallback to software WebGL has been deprecated. Please use the --enable-unsafe-swiftshader (about:flags#enable-unsafe-swiftshader) flag to opt in to lower security guarantees for trusted content.", source: https://li.protechts.net/index.html?ts=1773783667504&r_id=&app_id=PXdOjV695v&uc=scraping&d_id=855c14f036616f823a18303388cadf60c441f36fcae14660741e688568a83ba3 (0)
[0317/174108.204:ERROR:content\public\browser\web_contents_delegate.cc:300] WebContentsDelegate::CheckMediaAccessPermission: Not supported.
[0317/174108.204:ERROR:content\public\browser\web_contents_delegate.cc:300] WebContentsDelegate::CheckMediaAccessPermission: Not supported.
[0317/174108.331:INFO:CONSOLE:0] "[GroupMarkerNotSet(crbug.com/242999)!:A0602A00E42E0000]Automatic fallback to software WebGL has been deprecated. Please use the --enable-unsafe-swiftshader (about:flags#enable-unsafe-swiftshader) flag to opt in to lower security guarantees for trusted content.", source: https://www.linkedin.com/uas/login?session_redirect=https%3A%2F%2Fwww.linkedin.com%2Ffeed%2F (0)
[0317/174108.331:INFO:CONSOLE:0] "[GroupMarkerNotSet(crbug.com/242999)!:A0902A00E42E0000]Automatic fallback to software WebGL has been deprecated. Please use the --enable-unsafe-swiftshader (about:flags#enable-unsafe-swiftshader) flag to opt in to lower security guarantees for trusted content.", source: https://www.linkedin.com/uas/login?session_redirect=https%3A%2F%2Fwww.linkedin.com%2Ffeed%2F (0)
[0317/174108.331:INFO:CONSOLE:0] "[GroupMarkerNotSet(crbug.com/242999)!:A0302A00E42E0000]Automatic fallback to software WebGL has been deprecated. Please use the --enable-unsafe-swiftshader (about:flags#enable-unsafe-swiftshader) flag to opt in to lower security guarantees for trusted content.", source: https://www.linkedin.com/uas/login?session_redirect=https%3A%2F%2Fwww.linkedin.com%2Ffeed%2F (0)
